<?xml version="1.0" encoding="UTF-8"?>
<testsuite name="com.aor.refactoring.example4.WorkerTest" tests="3" skipped="0" failures="0" errors="0" timestamp="2021-03-31T10:54:59" hostname="LAPTOP-C5FG5VPH" time="0.012">
  <properties/>
  <testcase name="testClient" classname="com.aor.refactoring.example4.WorkerTest" time="0.007"/>
  <testcase name="testWorker" classname="com.aor.refactoring.example4.WorkerTest" time="0.003"/>
  <testcase name="testSupervisor" classname="com.aor.refactoring.example4.WorkerTest" time="0.002"/>
  <system-out><![CDATA[]]></system-out>
  <system-err><![CDATA[]]></system-err>
</testsuite>
